Change Component Designator: OldDesignator=P? NewDesignator=P3
Added Component: Designator=P1(HDDR_4x1_0)
Add component. Clean all parameters for all variants
Add component (AddParameter): Name = "Levels"; Value = "1"; VariantName = "[No Variations]"
Add component (AddParameter): Name = "Part Number"; Value = "CONN-00029"; VariantName = "[No Variations]"
Add component (AddParameter): Name = "Positions per level"; Value = "4"; VariantName = "[No Variations]"
Add component (AddParameter): Name = "Type"; Value = "Header"; VariantName = "[No Variations]"
Added Component: Designator=P2(HDDR_4x1_0)
Add component. Clean all parameters for all variants
Add component (AddParameter): Name = "Levels"; Value = "1"; VariantName = "[No Variations]"
Add component (AddParameter): Name = "Part Number"; Value = "CONN-00029"; VariantName = "[No Variations]"
Add component (AddParameter): Name = "Positions per level"; Value = "4"; VariantName = "[No Variations]"
Add component (AddParameter): Name = "Type"; Value = "Header"; VariantName = "[No Variations]"
Added Pin To Net: NetName=+3V3 Pin=P1-1
Added Pin To Net: NetName=GND Pin=P1-4
Added Pin To Net: NetName=+3V3 Pin=P2-1
Added Pin To Net: NetName=GND Pin=P2-4
Change Net Name : Old Net Name=NetP?_2 New Net Name=NetP3_2
Change Net Name : Old Net Name=NetP?_3 New Net Name=NetP3_3
Added Pin To Net: NetName=NetP1_2 Pin=P1-2
Added Pin To Net: NetName=NetP1_2 Pin=U1-34
Added Net: Name=NetP1_2
Added Pin To Net: NetName=NetP1_3 Pin=P1-3
Added Pin To Net: NetName=NetP1_3 Pin=U1-37
Added Net: Name=NetP1_3
Added Pin To Net: NetName=NetP2_2 Pin=P2-2
Added Pin To Net: NetName=NetP2_2 Pin=U1-31
Added Net: Name=NetP2_2
Added Pin To Net: NetName=NetP2_3 Pin=P2-3
Added Pin To Net: NetName=NetP2_3 Pin=U1-30
Added Net: Name=NetP2_3
Added Member To Class: ClassName=Sheet1 Member=Component P1 conn-4x1_0
Added Member To Class: ClassName=Sheet1 Member=Component P2 conn-4x1_0
