Change Component Footprint: Designator=R? Old Footprint=chip_0603 New Footprint=chip_0603
Added Component: Designator=D?(chip_0603)
Add component. Clean all parameters for all variants
Add component (AddParameter): Name = "Cost"; Value = "0.34"; VariantName = "[No Variations]"
Add component (AddParameter): Name = "Current Rating"; Value = "20mA"; VariantName = "[No Variations]"
Add component (AddParameter): Name = "Forward Voltage"; Value = "2.2V"; VariantName = "[No Variations]"
Add component (AddParameter): Name = "Manufacturer"; Value = "Rohm Semi"; VariantName = "[No Variations]"
Add component (AddParameter): Name = "Manufacturer PN"; Value = "SML-D12M8WT86"; VariantName = "[No Variations]"
Add component (AddParameter): Name = "Part Number"; Value = "DIO-00040"; VariantName = "[No Variations]"
Add component (AddParameter): Name = "Power Rating"; Value = "54mW"; VariantName = "[No Variations]"
Add component (AddParameter): Name = "Reverse Breakdown Voltage"; Value = "5V"; VariantName = "[No Variations]"
Add component (AddParameter): Name = "Type"; Value = "LED"; VariantName = "[No Variations]"
Added Component: Designator=P?(TERM_3.50MM_4x1_0)
Add component. Clean all parameters for all variants
Add component (AddParameter): Name = "Cost"; Value = "1.67"; VariantName = "[No Variations]"
Add component (AddParameter): Name = "Current"; Value = "16"; VariantName = "[No Variations]"
Add component (AddParameter): Name = "Levels"; Value = "1"; VariantName = "[No Variations]"
Add component (AddParameter): Name = "Manufacturer"; Value = "Phoenix Contact"; VariantName = "[No Variations]"
Add component (AddParameter): Name = "Manufacturer PN"; Value = "1861959"; VariantName = "[No Variations]"
Add component (AddParameter): Name = "Part Number"; Value = "CONN-00024"; VariantName = "[No Variations]"
Add component (AddParameter): Name = "Positions per level"; Value = "4"; VariantName = "[No Variations]"
Add component (AddParameter): Name = "Type"; Value = "Terminal Block"; VariantName = "[No Variations]"
Added Component: Designator=P?(TERM_3.50MM_4x1_0)
Add component. Clean all parameters for all variants
Add component (AddParameter): Name = "Cost"; Value = "1.67"; VariantName = "[No Variations]"
Add component (AddParameter): Name = "Current"; Value = "16"; VariantName = "[No Variations]"
Add component (AddParameter): Name = "Levels"; Value = "1"; VariantName = "[No Variations]"
Add component (AddParameter): Name = "Manufacturer"; Value = "Phoenix Contact"; VariantName = "[No Variations]"
Add component (AddParameter): Name = "Manufacturer PN"; Value = "1861959"; VariantName = "[No Variations]"
Add component (AddParameter): Name = "Part Number"; Value = "CONN-00024"; VariantName = "[No Variations]"
Add component (AddParameter): Name = "Positions per level"; Value = "4"; VariantName = "[No Variations]"
Add component (AddParameter): Name = "Type"; Value = "Terminal Block"; VariantName = "[No Variations]"
Added Pin To Net: NetName=GND Pin=D?-1
Added Pin To Net: NetName=+3V3 Pin=P?-1
Added Pin To Net: NetName=+3V3 Pin=P?-1
Added Pin To Net: NetName=+3V3 Pin=P?-1
Added Pin To Net: NetName=+3V3 Pin=P?-1
Added Pin To Net: NetName=GND Pin=P?-4
Added Pin To Net: NetName=GND Pin=P?-4
Added Pin To Net: NetName=GND Pin=P?-4
Added Pin To Net: NetName=GND Pin=P?-4
Added Pin To Net: NetName=NetD?_2 Pin=D?-2
Added Pin To Net: NetName=NetD?_2 Pin=R?-2
Added Net: Name=NetD?_2
Added Pin To Net: NetName=NetP?_2 Pin=P?-2
Added Pin To Net: NetName=NetP?_2 Pin=P?-2
Added Net: Name=NetP?_2
Added Pin To Net: NetName=NetP?_3 Pin=P?-3
Added Pin To Net: NetName=NetP?_3 Pin=P?-3
Added Net: Name=NetP?_3
Added Member To Class: ClassName=Sheet1 Member=Component D? diode_4
Added Member To Class: ClassName=Sheet1 Member=Component P? conn-4x1_0
Added Member To Class: ClassName=Sheet1 Member=Component P? conn-4x1_0
Added Member To Class: ClassName=Sheet1 Member=Component R? res_single
