Added Component: Designator=D?(chip_0603)
Add component. Clean all parameters for all variants
Add component (AddParameter): Name = "Cost"; Value = "0.34"; VariantName = "[No Variations]"
Add component (AddParameter): Name = "Current Rating"; Value = "20mA"; VariantName = "[No Variations]"
Add component (AddParameter): Name = "Forward Voltage"; Value = "2.2V"; VariantName = "[No Variations]"
Add component (AddParameter): Name = "Manufacturer"; Value = "Rohm Semi"; VariantName = "[No Variations]"
Add component (AddParameter): Name = "Manufacturer PN"; Value = "SML-D12M8WT86"; VariantName = "[No Variations]"
Add component (AddParameter): Name = "Part Number"; Value = "DIO-00040"; VariantName = "[No Variations]"
Add component (AddParameter): Name = "Power Rating"; Value = "54mW"; VariantName = "[No Variations]"
Add component (AddParameter): Name = "Reverse Breakdown Voltage"; Value = "5V"; VariantName = "[No Variations]"
Add component (AddParameter): Name = "Type"; Value = "LED"; VariantName = "[No Variations]"
Added Component: Designator=R4(chip_0603)
Add component. Clean all parameters for all variants
Add component (AddParameter): Name = "Manufacturer"; Value = "Panasonic"; VariantName = "[No Variations]"
Add component (AddParameter): Name = "Manufacturer PN"; Value = "ERJ-PA3F1003V"; VariantName = "[No Variations]"
Add component (AddParameter): Name = "Part Number"; Value = "RES-00301"; VariantName = "[No Variations]"
Add component (AddParameter): Name = "Power Rating"; Value = "0.25W"; VariantName = "[No Variations]"
Add component (AddParameter): Name = "Resistance"; Value = "100k"; VariantName = "[No Variations]"
Add component (AddParameter): Name = "Tolerance"; Value = "1%"; VariantName = "[No Variations]"
Added Component: Designator=R?(chip_0603)
Add component. Clean all parameters for all variants
Add component (AddParameter): Name = "Manufacturer"; Value = "Panasonic"; VariantName = "[No Variations]"
Add component (AddParameter): Name = "Manufacturer PN"; Value = "ERJ-PA3F1003V"; VariantName = "[No Variations]"
Add component (AddParameter): Name = "Part Number"; Value = "RES-00301"; VariantName = "[No Variations]"
Add component (AddParameter): Name = "Power Rating"; Value = "0.25W"; VariantName = "[No Variations]"
Add component (AddParameter): Name = "Resistance"; Value = "100k"; VariantName = "[No Variations]"
Add component (AddParameter): Name = "Tolerance"; Value = "1%"; VariantName = "[No Variations]"
Added Pin To Net: NetName=GND Pin=D?-1
Added Pin To Net: NetName=+3V3 Pin=R4-2
Added Pin To Net: NetName=GND Pin=R?-1
Added Pin To Net: NetName=NetR4_1 Pin=R4-1
Added Pin To Net: NetName=NetR4_1 Pin=U1-7
Added Net: Name=NetR4_1
Added Pin To Net: NetName=NetR?_2 Pin=R?-2
Added Pin To Net: NetName=NetR?_2 Pin=U1-20
Added Net: Name=NetR?_2
Added Member To Class: ClassName=Sheet1 Member=Component D? diode_4
Added Member To Class: ClassName=Sheet1 Member=Component P? conn-4x1_0
Added Member To Class: ClassName=Sheet1 Member=Component R4 res_single
Added Member To Class: ClassName=Sheet1 Member=Component R? res_single
