Added Component: Designator=P5(10118192)
Add component. Clean all parameters for all variants
Add component (AddParameter): Name = "Current"; Value = "1.8"; VariantName = "[No Variations]"
Add component (AddParameter): Name = "Levels"; Value = "1"; VariantName = "[No Variations]"
Add component (AddParameter): Name = "Manufacturer"; Value = "Amphenol"; VariantName = "[No Variations]"
Add component (AddParameter): Name = "Manufacturer PN"; Value = "10118192"; VariantName = "[No Variations]"
Add component (AddParameter): Name = "Part Number"; Value = "CONN-00011"; VariantName = "[No Variations]"
Add component (AddParameter): Name = "Positions per level"; Value = "5"; VariantName = "[No Variations]"
Add component (AddParameter): Name = "Type"; Value = "USB Micro B"; VariantName = "[No Variations]"
Added Component: Designator=R9(chip_0603)
Add component. Clean all parameters for all variants
Add component (AddParameter): Name = "Manufacturer"; Value = "Panasonic"; VariantName = "[No Variations]"
Add component (AddParameter): Name = "Manufacturer PN"; Value = "ERJ-PA3F20R0V"; VariantName = "[No Variations]"
Add component (AddParameter): Name = "Part Number"; Value = "RES-00129"; VariantName = "[No Variations]"
Add component (AddParameter): Name = "Power Rating"; Value = "0.25W"; VariantName = "[No Variations]"
Add component (AddParameter): Name = "Resistance"; Value = "20"; VariantName = "[No Variations]"
Add component (AddParameter): Name = "Tolerance"; Value = "1%"; VariantName = "[No Variations]"
Added Component: Designator=R10(chip_0603)
Add component. Clean all parameters for all variants
Add component (AddParameter): Name = "Manufacturer"; Value = "Panasonic"; VariantName = "[No Variations]"
Add component (AddParameter): Name = "Manufacturer PN"; Value = "ERJ-PA3F1501V"; VariantName = "[No Variations]"
Add component (AddParameter): Name = "Part Number"; Value = "RES-00284"; VariantName = "[No Variations]"
Add component (AddParameter): Name = "Power Rating"; Value = "0.25W"; VariantName = "[No Variations]"
Add component (AddParameter): Name = "Resistance"; Value = "1.5k"; VariantName = "[No Variations]"
Add component (AddParameter): Name = "Tolerance"; Value = "1%"; VariantName = "[No Variations]"
Added Component: Designator=R11(chip_0603)
Add component. Clean all parameters for all variants
Add component (AddParameter): Name = "Manufacturer"; Value = "Panasonic"; VariantName = "[No Variations]"
Add component (AddParameter): Name = "Manufacturer PN"; Value = "ERJ-PA3F20R0V"; VariantName = "[No Variations]"
Add component (AddParameter): Name = "Part Number"; Value = "RES-00129"; VariantName = "[No Variations]"
Add component (AddParameter): Name = "Power Rating"; Value = "0.25W"; VariantName = "[No Variations]"
Add component (AddParameter): Name = "Resistance"; Value = "20"; VariantName = "[No Variations]"
Add component (AddParameter): Name = "Tolerance"; Value = "1%"; VariantName = "[No Variations]"
Added Pin To Net: NetName=+5 Pin=P5-1
Added Pin To Net: NetName=GND Pin=P5-5
Added Pin To Net: NetName=GND Pin=P5-PAD
Added Pin To Net: NetName=GND Pin=P5-PAD
Added Pin To Net: NetName=GND Pin=P5-PAD
Added Pin To Net: NetName=GND Pin=P5-PAD
Added Pin To Net: NetName=GND Pin=P5-PAD
Added Pin To Net: NetName=GND Pin=P5-PAD
Added Pin To Net: NetName=+3V3 Pin=R10-1
Added Pin To Net: NetName=NetP5_2 Pin=P5-2
Added Pin To Net: NetName=NetP5_2 Pin=R9-1
Added Net: Name=NetP5_2
Added Pin To Net: NetName=NetP5_3 Pin=P5-3
Added Pin To Net: NetName=NetP5_3 Pin=R11-1
Added Net: Name=NetP5_3
Added Pin To Net: NetName=NetR9_2 Pin=R9-2
Added Pin To Net: NetName=NetR9_2 Pin=U1-32
Added Net: Name=NetR9_2
Added Pin To Net: NetName=NetR10_2 Pin=R10-2
Added Pin To Net: NetName=NetR10_2 Pin=R11-2
Added Pin To Net: NetName=NetR10_2 Pin=U1-33
Added Net: Name=NetR10_2
Added Member To Class: ClassName=Sheet1 Member=Component P5 usb_micro_b
Added Member To Class: ClassName=Sheet1 Member=Component R9 res_single
Added Member To Class: ClassName=Sheet1 Member=Component R10 res_single
Added Member To Class: ClassName=Sheet1 Member=Component R11 res_single
