Removed Pin From Net: NetName=NetD2_2 Pin=U1-29
Change Component Designator: OldDesignator=P? NewDesignator=P4
Change Component Designator: OldDesignator=R? NewDesignator=R7
Added Component: Designator=R8(chip_0603)
Add component. Clean all parameters for all variants
Add component (AddParameter): Name = "Manufacturer"; Value = "Panasonic"; VariantName = "[No Variations]"
Add component (AddParameter): Name = "Manufacturer PN"; Value = "ERJ-PA3F1500V"; VariantName = "[No Variations]"
Add component (AddParameter): Name = "Part Number"; Value = "RES-00188"; VariantName = "[No Variations]"
Add component (AddParameter): Name = "Power Rating"; Value = "0.25W"; VariantName = "[No Variations]"
Add component (AddParameter): Name = "Resistance"; Value = "150"; VariantName = "[No Variations]"
Add component (AddParameter): Name = "Tolerance"; Value = "1%"; VariantName = "[No Variations]"
Added Pin To Net: NetName=NetD2_2 Pin=R8-2
Change Net Name : Old Net Name=NetP?_2 New Net Name=NetP4_2
Change Net Name : Old Net Name=NetP?_3 New Net Name=NetP4_3
Change Net Name : Old Net Name=NetP?_4 New Net Name=NetP4_4
Change Net Name : Old Net Name=NetR?_2 New Net Name=NetR7_2
Added Pin To Net: NetName=NetR8_1 Pin=R8-1
Added Pin To Net: NetName=NetR8_1 Pin=U1-29
Added Net: Name=NetR8_1
Added Member To Class: ClassName=Sheet1 Member=Component R8 res_single
