Removed Pin From Net: NetName=+5 Pin=P3-1
Removed Pin From Net: NetName=GND Pin=P3-4
Added Component: Designator=P?(TERM_3.50MM_4x1_0)
Add component. Clean all parameters for all variants
Add component (AddParameter): Name = "Cost"; Value = "1.67"; VariantName = "[No Variations]"
Add component (AddParameter): Name = "Current"; Value = "16"; VariantName = "[No Variations]"
Add component (AddParameter): Name = "Levels"; Value = "1"; VariantName = "[No Variations]"
Add component (AddParameter): Name = "Manufacturer"; Value = "Phoenix Contact"; VariantName = "[No Variations]"
Add component (AddParameter): Name = "Manufacturer PN"; Value = "1861959"; VariantName = "[No Variations]"
Add component (AddParameter): Name = "Part Number"; Value = "CONN-00024"; VariantName = "[No Variations]"
Add component (AddParameter): Name = "Positions per level"; Value = "4"; VariantName = "[No Variations]"
Add component (AddParameter): Name = "Type"; Value = "Terminal Block"; VariantName = "[No Variations]"
Added Pin To Net: NetName=+5 Pin=P?-1
Added Pin To Net: NetName=+5 Pin=P?-1
Added Pin To Net: NetName=GND Pin=P?-4
Added Pin To Net: NetName=GND Pin=P?-4
Added Pin To Net: NetName=NetP?_2 Pin=P?-2
Added Pin To Net: NetName=NetP?_2 Pin=P?-2
Added Pin To Net: NetName=NetP?_2 Pin=R2-1
Added Pin To Net: NetName=NetP?_2 Pin=U3-6
Added Net: Name=NetP?_2
Added Pin To Net: NetName=NetP?_3 Pin=P?-3
Added Pin To Net: NetName=NetP?_3 Pin=P?-3
Added Pin To Net: NetName=NetP?_3 Pin=R2-2
Added Pin To Net: NetName=NetP?_3 Pin=U3-7
Added Net: Name=NetP?_3
Added Member To Class: ClassName=Sheet1 Member=Component P1 conn-4x1_0
Added Member To Class: ClassName=Sheet1 Member=Component P2 conn-4x1_0
Added Member To Class: ClassName=Sheet1 Member=Component P? conn-4x1_0
