Change Component Footprint: Designator=C? Old Footprint=chip_0603 New Footprint=chip_0603
Change Component Footprint: Designator=R? Old Footprint=chip_0603 New Footprint=chip_0603
Change Component Footprint: Designator=R? Old Footprint=chip_0603 New Footprint=chip_0603
Change Component Footprint: Designator=R? Old Footprint=chip_0805 New Footprint=chip_0805
Change Component Designator: OldDesignator=C? NewDesignator=C1
Change Component Designator: OldDesignator=D? NewDesignator=D1
Change Component Designator: OldDesignator=P? NewDesignator=P1
Change Component Designator: OldDesignator=R? NewDesignator=R1
Change Component Designator: OldDesignator=R? NewDesignator=R2
Change Component Designator: OldDesignator=R? NewDesignator=R3
Change Component Designator: OldDesignator=U? NewDesignator=U1
Change Component Designator: OldDesignator=U? NewDesignator=U2
Change Component Designator: OldDesignator=U? NewDesignator=U3
Change Net Name : Old Net Name=NetD?_1 New Net Name=NetD1_1
Change Net Name : Old Net Name=NetD?_2 New Net Name=NetD1_2
Change Net Name : Old Net Name=NetP?_2 New Net Name=NetP1_2
Change Net Name : Old Net Name=NetP?_3 New Net Name=NetP1_3
Change Net Name : Old Net Name=NetR?_2 New Net Name=NetR1_2
Added Member To Class: ClassName=Sheet1 Member=Component R1 res_single
Added Member To Class: ClassName=Sheet1 Member=Component R2 res_single
Added Member To Class: ClassName=Sheet1 Member=Component U2 LM1117
Added Member To Class: ClassName=Sheet1 Member=Component U3 SN65HVD1050
