Change Component Footprint: Designator=D? Old Footprint=chip_0603 New Footprint=chip_0603
Change Component Footprint: Designator=R4 Old Footprint=chip_0603 New Footprint=chip_0603
Change Component Footprint: Designator=R? Old Footprint=chip_0603 New Footprint=chip_0603
Change Component Designator: OldDesignator=D? NewDesignator=D2
Change Component Designator: OldDesignator=D? NewDesignator=D3
Change Component Designator: OldDesignator=P? NewDesignator=P2
Change Component Designator: OldDesignator=P? NewDesignator=P3
Change Component Designator: OldDesignator=R? NewDesignator=R5
Change Component Designator: OldDesignator=R? NewDesignator=R6
Change Net Name : Old Net Name=NetD?_2 New Net Name=NetD3_2
Change Net Name : Old Net Name=NetP?_2 New Net Name=NetP3_2
Change Net Name : Old Net Name=NetP?_3 New Net Name=NetP3_3
Change Net Name : Old Net Name=NetR?_2 New Net Name=NetR5_2
Added Pin To Net: NetName=NetD2_2 Pin=D2-2
Added Pin To Net: NetName=NetD2_2 Pin=U1-29
Added Net: Name=NetD2_2
Added Pin To Net: NetName=NetP2_2 Pin=P2-2
Added Pin To Net: NetName=NetP2_2 Pin=P2-2
Added Pin To Net: NetName=NetP2_2 Pin=U1-34
Added Net: Name=NetP2_2
Added Pin To Net: NetName=NetP2_3 Pin=P2-3
Added Pin To Net: NetName=NetP2_3 Pin=P2-3
Added Pin To Net: NetName=NetP2_3 Pin=U1-37
Added Net: Name=NetP2_3
Added Member To Class: ClassName=Sheet1 Member=Component D2 diode_4
Added Member To Class: ClassName=Sheet1 Member=Component P3 conn-4x1_0
Added Member To Class: ClassName=Sheet1 Member=Component R5 res_single
